<?xml version="1.0" encoding="UTF-8"?>
<coverage generated="1574025592442" clover="3.2.0">
  <project timestamp="1574025592442" name="All files">
    <metrics statements="10" coveredstatements="4" conditionals="3" coveredconditionals="0" methods="4" coveredmethods="1" elements="17" coveredelements="5" complexity="0" loc="10" ncloc="10" packages="1" files="1" classes="1"/>
    <file name="user.ts" path="C:\Users\Eli\Documents\GitHub\seng350f19-project-3-2\src\models\user.ts">
      <metrics statements="10" coveredstatements="4" conditionals="3" coveredconditionals="0" methods="4" coveredmethods="1"/>
      <line num="1" count="1" type="stmt"/>
      <line num="9" count="0" type="stmt"/>
      <line num="10" count="0" type="stmt"/>
      <line num="11" count="0" type="stmt"/>
      <line num="12" count="0" type="stmt"/>
      <line num="15" count="1" type="stmt"/>
      <line num="16" count="0" type="cond" truecount="0" falsecount="3"/>
      <line num="19" count="1" type="stmt"/>
      <line num="20" count="0" type="stmt"/>
      <line num="22" count="1" type="stmt"/>
    </file>
  </project>
</coverage>
